<?xml version="1.0" encoding="UTF-8"?>
<!-- Generated by org.testng.reporters.JUnitReportReporter -->
<testsuite skipped="0" hostname="DESKTOP-FEL46G5" name="testScripts.Module2" tests="1" failures="0" timestamp="10 Sep 2020 06:54:13 GMT" time="0.853" errors="0">
  <testcase name="TC201" time="0.853" classname="testScripts.Module2"/>
</testsuite> <!-- testScripts.Module2 -->
